<?xml version="1.0" encoding="UTF-8"?>
<!-- Generated by org.testng.reporters.JUnitReportReporter -->
<testsuite hostname="DESKTOP-1TEHGD1" failures="0" tests="1" name="org.test.comp.BottomLinks" time="8.956" errors="0" timestamp="2024-11-20T20:44:07 IST" skipped="0">
  <testcase classname="org.test.comp.BottomLinks" name="tc01" time="8.956"/>
</testsuite> <!-- org.test.comp.BottomLinks -->
