<?xml version="1.0" encoding="UTF-8"?>
<!-- Generated by org.testng.reporters.JUnitReportReporter -->
<testsuite hostname="DESKTOP-1TEHGD1" failures="0" tests="1" name="org.test.comp.SearchByItem" time="26.454" errors="0" timestamp="2024-12-03T13:12:55 IST" skipped="0">
  <testcase classname="org.test.comp.SearchByItem" name="searchItem" time="26.454"/>
</testsuite> <!-- org.test.comp.SearchByItem -->
