<?xml version="1.0" encoding="UTF-8"?>
<!-- Generated by org.testng.reporters.JUnitReportReporter -->
<testsuite hostname="DESKTOP-1TEHGD1" failures="0" tests="1" name="org.test.comp.SerchByBrand" time="54.426" errors="0" timestamp="2024-12-03T13:03:08 IST" skipped="0">
  <testcase classname="org.test.comp.SerchByBrand" name="shopByBrand" time="54.426"/>
</testsuite> <!-- org.test.comp.SerchByBrand -->
