<?xml version="1.0" encoding="UTF-8"?>
<!-- Generated by org.testng.reporters.JUnitReportReporter -->
<testsuite hostname="DESKTOP-1TEHGD1" failures="0" tests="1" name="org.test.comp.HeaderTest" time="33.086" errors="0" timestamp="2024-11-20T21:32:42 IST" skipped="0">
  <testcase classname="org.test.comp.HeaderTest" name="tc01" time="33.086"/>
</testsuite> <!-- org.test.comp.HeaderTest -->
