<?xml version="1.0" encoding="UTF-8"?>
<!-- Generated by org.testng.reporters.JUnitReportReporter -->
<testsuite hostname="DESKTOP-1TEHGD1" failures="0" tests="1" name="org.test.comp.SignUpTest" time="18.437" errors="0" timestamp="2024-12-03T12:26:28 IST" skipped="0">
  <testcase classname="org.test.comp.SignUpTest" name="SignUpTC02" time="18.437"/>
</testsuite> <!-- org.test.comp.SignUpTest -->
